<?xml version="1.0" encoding="UTF-8"?>
<!-- Generated by org.testng.reporters.JUnitReportReporter -->
<testsuite hostname="Kundan" failures="0" tests="1" name="day1.HttpRequest" time="3.164" errors="0" timestamp="2024-05-01T20:47:30 IST" skipped="0">
  <testcase classname="day1.HttpRequest" name="GetUser" time="3.164"/>
  <system-out/>
</testsuite> <!-- day1.HttpRequest -->
