<?xml version="1.0" encoding="UTF-8"?>
<!-- Generated by org.testng.reporters.JUnitReportReporter -->
<testsuite hostname="Kundan" failures="0" tests="4" name="api.test.UserTest" time="7.907" errors="0" timestamp="2024-05-05T10:52:34 IST" skipped="0">
  <testcase classname="api.test.UserTest" name="TestCreateUser" time="3.082"/>
  <system-out/>
  <testcase classname="api.test.UserTest" name="TestReadUser" time="1.630"/>
  <system-out/>
  <testcase classname="api.test.UserTest" name="TestUpdateUser" time="1.598"/>
  <system-out/>
  <testcase classname="api.test.UserTest" name="TestDeleteUser" time="1.597"/>
  <system-out/>
</testsuite> <!-- api.test.UserTest -->
