<?xml version="1.0" encoding="UTF-8"?>
<!-- Generated by org.testng.reporters.JUnitReportReporter -->
<testsuite hostname="Kundan" failures="0" tests="4" name="api.test.UserTest" time="7.958" errors="0" timestamp="2024-05-05T11:54:35 IST" skipped="0">
  <testcase classname="api.test.UserTest" name="TestCreateUser" time="3.200"/>
  <system-out/>
  <testcase classname="api.test.UserTest" name="TestReadUser" time="1.719"/>
  <system-out/>
  <testcase classname="api.test.UserTest" name="TestUpdateUser" time="1.600"/>
  <system-out/>
  <testcase classname="api.test.UserTest" name="TestDeleteUser" time="1.439"/>
  <system-out/>
</testsuite> <!-- api.test.UserTest -->
